<?xml version="1.0" encoding="UTF-8"?>
<!-- Generated by org.testng.reporters.JUnitReportReporter -->
<testsuite hostname="DESKTOP-NI4MB26" failures="0" tests="4" name="testCases.TC_003_LandList" time="120.447" errors="0" timestamp="2023-01-02T11:54:08 IST" skipped="0">
  <testcase classname="testCases.TC_003_LandList" name="Landlist" time="23.750"/>
  <system-out/>
  <testcase classname="testCases.TC_003_LandList" name="addimage" time="36.579"/>
  <system-out/>
  <testcase classname="testCases.TC_003_LandList" name="Addvideo" time="23.658"/>
  <system-out/>
  <testcase classname="testCases.TC_003_LandList" name="Deactivate" time="36.460"/>
  <system-out/>
</testsuite> <!-- testCases.TC_003_LandList -->
