<?xml version="1.0" encoding="UTF-8"?>
<!-- Generated by org.testng.reporters.JUnitReportReporter -->
<testsuite hostname="DESKTOP-NI4MB26" failures="0" tests="4" name="testCases.TC_013_DropDownTest" time="60.717" errors="0" timestamp="2023-01-02T11:54:08 IST" skipped="0">
  <testcase classname="testCases.TC_013_DropDownTest" name="DDTest" time="11.334"/>
  <system-out/>
  <testcase classname="testCases.TC_013_DropDownTest" name="StateDD" time="16.333"/>
  <system-out/>
  <testcase classname="testCases.TC_013_DropDownTest" name="ComapnyTypeDD" time="17.435"/>
  <system-out/>
  <testcase classname="testCases.TC_013_DropDownTest" name="StatusDD" time="15.615"/>
  <system-out/>
</testsuite> <!-- testCases.TC_013_DropDownTest -->
