<?xml version="1.0" encoding="UTF-8"?>
<!-- Generated by org.testng.reporters.JUnitReportReporter -->
<testsuite hostname="DESKTOP-NI4MB26" failures="0" tests="3" name="testCases.TC_009_Adminview" time="67.717" errors="0" timestamp="2023-01-02T12:11:40 IST" skipped="0">
  <testcase classname="testCases.TC_009_Adminview" name="AdminView" time="8.560"/>
  <system-out/>
  <testcase classname="testCases.TC_009_Adminview" name="AddUsers" time="41.321"/>
  <system-out/>
  <testcase classname="testCases.TC_009_Adminview" name="ActivateUser" time="17.836"/>
  <system-out/>
</testsuite> <!-- testCases.TC_009_Adminview -->
