<?xml version="1.0" encoding="UTF-8"?>
<!-- Generated by org.testng.reporters.JUnitReportReporter -->
<testsuite hostname="DESKTOP-NI4MB26" failures="0" tests="1" name="testCases.TC_001_Login" time="4.728" errors="0" timestamp="2023-01-02T17:36:40 IST" skipped="0">
  <testcase classname="testCases.TC_001_Login" name="loginTest" time="4.728"/>
  <system-out/>
</testsuite> <!-- testCases.TC_001_Login -->
