<?xml version="1.0" encoding="UTF-8"?>
<!-- Generated by org.testng.reporters.JUnitReportReporter -->
<testsuite hostname="DESKTOP-NI4MB26" failures="0" tests="1" name="testCases.TC_008_HomePlan" time="138.145" errors="0" timestamp="2023-01-02T11:54:08 IST" skipped="0">
  <testcase classname="testCases.TC_008_HomePlan" name="homePlan" time="138.145"/>
  <system-out/>
</testsuite> <!-- testCases.TC_008_HomePlan -->
