<?xml version="1.0" encoding="UTF-8"?>
<!-- Generated by org.testng.reporters.JUnitReportReporter -->
<testsuite hostname="DESKTOP-NI4MB26" failures="0" tests="3" name="testCases.TC_010_Permissions" time="23.476" errors="0" timestamp="2023-01-02T11:54:08 IST" skipped="0">
  <testcase classname="testCases.TC_010_Permissions" name="permissions" time="9.667"/>
  <system-out/>
  <testcase classname="testCases.TC_010_Permissions" name="editrole" time="13.616"/>
  <system-out/>
  <testcase classname="testCases.TC_010_Permissions" name="DeleteRole" time="0.193"/>
  <system-out/>
</testsuite> <!-- testCases.TC_010_Permissions -->
