<?xml version="1.0" encoding="UTF-8"?>
<!-- Generated by org.testng.reporters.JUnitReportReporter -->
<testsuite hostname="DESKTOP-NI4MB26" failures="0" tests="3" name="testCases.TC_005_CreatePackage" time="114.575" errors="0" timestamp="2023-01-02T11:54:08 IST" skipped="0">
  <testcase classname="testCases.TC_005_CreatePackage" name="CreatePackage" time="34.075"/>
  <system-out/>
  <testcase classname="testCases.TC_005_CreatePackage" name="addimage" time="40.926"/>
  <system-out/>
  <testcase classname="testCases.TC_005_CreatePackage" name="AddDoc" time="39.574"/>
  <system-out/>
</testsuite> <!-- testCases.TC_005_CreatePackage -->
