<?xml version="1.0" encoding="UTF-8"?>
<!-- Generated by org.testng.reporters.JUnitReportReporter -->
<testsuite hostname="DESKTOP-NI4MB26" failures="0" tests="1" name="testCases.TC_001_Login" time="3.376" errors="0" timestamp="2023-01-02T18:06:05 IST" skipped="0">
  <testcase classname="testCases.TC_001_Login" name="loginTest" time="3.376"/>
  <system-out/>
</testsuite> <!-- testCases.TC_001_Login -->
